<?xml version="1.0" encoding="UTF-8"?>
<!-- Generated by org.testng.reporters.JUnitReportReporter -->
<testsuite hostname="NETANESH01" name="com.test1.tests.LoadTest01" tests="1" failures="0" timestamp="26 Jun 2018 11:50:40 GMT" time="5.866" errors="0">
  <testcase name="verifySearchButton" time="5.866" classname="com.test1.tests.LoadTest01"/>
</testsuite> <!-- com.test1.tests.LoadTest01 -->
