<?xml version="1.0" encoding="UTF-8"?>
<!-- Generated by org.testng.reporters.JUnitReportReporter -->
<testsuite hostname="NETANESH01" name="com.test1.tests.TestNGSeleniumSimpleSearchExample" tests="1" failures="0" timestamp="26 Jun 2018 08:46:41 GMT" time="0.004" errors="1">
  <testcase name="searchTestNGInGoogle" time="0.004" classname="com.test1.tests.TestNGSeleniumSimpleSearchExample">
    <error type="org.openqa.selenium.WebDriverException" message="Failed to connect to binary FirefoxBinary(C:\Program Files (x86)\Mozilla Firefox\firefox.exe) on port 7055; process output follows: 
app-global&quot;,&quot;version&quot;:&quot;8.4.2627&quot;,&quot;type&quot;:&quot;webextension&quot;,&quot;internalName&quot;:null,&quot;updateURL&quot;:null,&quot;updateKey&quot;:null,&quot;optionsURL&quot;:null,&quot;optionsType&quot;:null,&quot;aboutURL&quot;:null,&quot;icons&quot;:{&quot;48&quot;:&quot;icon-48.png&quot;,&quot;128&quot;:&quot;icon-128.png&quot;},&quot;iconURL&quot;:null,&quot;icon64URL&quot;:null,&quot;defaultLocale&quot;:{&quot;name&quot;:&quot;Forcepoint Endpoint&quot;,&quot;description&quot;:&quot;Forcepoint Endpoint Firefox Extension.&quot;,&quot;developers&quot;:null,&quot;translators&quot;:null,&quot;contributors&quot;:null},&quot;visible&quot;:true,&quot;active&quot;:false,&quot;userDisabled&quot;:true,&quot;appDisabled&quot;:true,&quot;descriptor&quot;:&quot;C:\\Program Files\\Websense\\Websense Endpoint\\winFFext.xpi&quot;,&quot;installDate&quot;:1500066350000,&quot;updateDate&quot;:1500066350000,&quot;applyBackgroundUpdates&quot;:1,&quot;bootstrap&quot;:true,&quot;skinnable&quot;:false,&quot;size&quot;:25422,&quot;sourceURI&quot;:null,&quot;releaseNotesURI&quot;:null,&quot;softDisabled&quot;:false,&quot;foreignInstall&quot;:true,&quot;hasBinaryComponents&quot;:false,&quot;strictCompatibility&quot;:true,&quot;locales&quot;:[],&quot;targetApplications&quot;:[{&quot;id&quot;:&quot;toolkit@mozilla.org&quot;,&quot;minVersion&quot;:&quot;49.0&quot;,&quot;maxVersion&quot;:&quot;*&quot;}],&quot;targetPlatforms&quot;:[],&quot;multiprocessCompatible&quot;:true,&quot;signedState&quot;:2,&quot;seen&quot;:true}
1530002755745	DeferredSave.extensions.json	DEBUG	Save changes
1530002755745	addons.xpi	DEBUG	Updating database with changes to installed add-ons
1530002755745	addons.xpi-utils	DEBUG	Updating add-on states
1530002755747	addons.xpi-utils	DEBUG	Writing add-ons list
1530002755756	addons.xpi	DEBUG	Registering manifest for C:\Program Files (x86)\Mozilla Firefox\browser\features\e10srollout@mozilla.org.xpi
1530002755759	addons.xpi	DEBUG	Calling bootstrap method startup on e10srollout@mozilla.org version 1.0
1530002755759	addons.xpi	DEBUG	Registering manifest for C:\Program Files (x86)\Mozilla Firefox\browser\features\firefox@getpocket.com.xpi
1530002755760	addons.xpi	DEBUG	Calling bootstrap method startup on firefox@getpocket.com version 1.0.2
1530002755763	addons.xpi	DEBUG	Registering manifest for C:\Program Files (x86)\Mozilla Firefox\browser\features\loop@mozilla.org.xpi
1530002755765	addons.xpi	DEBUG	Calling bootstrap method startup on loop@mozilla.org version 1.3.2
1530002755801	addons.manager	DEBUG	Registering shutdown blocker for XPIProvider
1530002755802	addons.manager	DEBUG	Provider finished startup: XPIProvider
1530002755802	addons.manager	DEBUG	Starting provider: LightweightThemeManager
1530002755802	addons.manager	DEBUG	Registering shutdown blocker for LightweightThemeManager
1530002755802	addons.manager	DEBUG	Provider finished startup: LightweightThemeManager
1530002755803	addons.manager	DEBUG	Starting provider: GMPProvider
1530002755819	addons.manager	DEBUG	Registering shutdown blocker for GMPProvider
1530002755819	addons.manager	DEBUG	Provider finished startup: GMPProvider
1530002755819	addons.manager	DEBUG	Starting provider: PluginProvider
1530002755820	addons.manager	DEBUG	Registering shutdown blocker for PluginProvider
1530002755820	addons.manager	DEBUG	Provider finished startup: PluginProvider
1530002755821	addons.manager	DEBUG	Completed startup sequence
1530002756464	addons.manager	DEBUG	Starting provider: &lt;unnamed-provider&gt;
1530002756464	addons.manager	DEBUG	Registering shutdown blocker for &lt;unnamed-provider&gt;
1530002756464	addons.manager	DEBUG	Provider finished startup: &lt;unnamed-provider&gt;
1530002756885	DeferredSave.extensions.json	DEBUG	Write succeeded
1530002756886	addons.xpi-utils	DEBUG	XPI Database saved, setting schema version preference to 17
1530002756886	DeferredSave.extensions.json	DEBUG	Starting timer
1530002756910	DeferredSave.extensions.json	DEBUG	Starting write
1530002756942	addons.repository	DEBUG	No addons.json found.
1530002756943	DeferredSave.addons.json	DEBUG	Save changes
1530002756947	DeferredSave.addons.json	DEBUG	Starting timer
1530002757075	addons.manager	DEBUG	Starting provider: PreviousExperimentProvider
1530002757076	addons.manager	DEBUG	Registering shutdown blocker for PreviousExperimentProvider
1530002757076	addons.manager	DEBUG	Provider finished startup: PreviousExperimentProvider
1530002757117	DeferredSave.addons.json	DEBUG	Starting write
1530002757160	DeferredSave.extensions.json	DEBUG	Write succeeded
1530002757186	DeferredSave.addons.json	DEBUG	Write succeeded

Build info: version: &#039;2.53.0&#039;, revision: &#039;35ae25b1534ae328c771e0856c93e187490ca824&#039;, time: &#039;2016-03-15 10:43:46&#039;
System info: host: &#039;NETANESH01&#039;, ip: &#039;10.233.196.227&#039;, os.name: &#039;Windows 10&#039;, os.arch: &#039;amd64&#039;, os.version: &#039;10.0&#039;, java.version: &#039;1.8.0_144&#039;
Driver info: driver.version: FirefoxDriver">
      <![CDATA[org.openqa.selenium.WebDriverException: Failed to connect to binary FirefoxBinary(C:\Program Files (x86)\Mozilla Firefox\firefox.exe) on port 7055; process output follows: 
app-global","version":"8.4.2627","type":"webextension","internalName":null,"updateURL":null,"updateKey":null,"optionsURL":null,"optionsType":null,"aboutURL":null,"icons":{"48":"icon-48.png","128":"icon-128.png"},"iconURL":null,"icon64URL":null,"defaultLocale":{"name":"Forcepoint Endpoint","description":"Forcepoint Endpoint Firefox Extension.","developers":null,"translators":null,"contributors":null},"visible":true,"active":false,"userDisabled":true,"appDisabled":true,"descriptor":"C:\\Program Files\\Websense\\Websense Endpoint\\winFFext.xpi","installDate":1500066350000,"updateDate":1500066350000,"applyBackgroundUpdates":1,"bootstrap":true,"skinnable":false,"size":25422,"sourceURI":null,"releaseNotesURI":null,"softDisabled":false,"foreignInstall":true,"hasBinaryComponents":false,"strictCompatibility":true,"locales":[],"targetApplications":[{"id":"toolkit@mozilla.org","minVersion":"49.0","maxVersion":"*"}],"targetPlatforms":[],"multiprocessCompatible":true,"signedState":2,"seen":true}
1530002755745	DeferredSave.extensions.json	DEBUG	Save changes
1530002755745	addons.xpi	DEBUG	Updating database with changes to installed add-ons
1530002755745	addons.xpi-utils	DEBUG	Updating add-on states
1530002755747	addons.xpi-utils	DEBUG	Writing add-ons list
1530002755756	addons.xpi	DEBUG	Registering manifest for C:\Program Files (x86)\Mozilla Firefox\browser\features\e10srollout@mozilla.org.xpi
1530002755759	addons.xpi	DEBUG	Calling bootstrap method startup on e10srollout@mozilla.org version 1.0
1530002755759	addons.xpi	DEBUG	Registering manifest for C:\Program Files (x86)\Mozilla Firefox\browser\features\firefox@getpocket.com.xpi
1530002755760	addons.xpi	DEBUG	Calling bootstrap method startup on firefox@getpocket.com version 1.0.2
1530002755763	addons.xpi	DEBUG	Registering manifest for C:\Program Files (x86)\Mozilla Firefox\browser\features\loop@mozilla.org.xpi
1530002755765	addons.xpi	DEBUG	Calling bootstrap method startup on loop@mozilla.org version 1.3.2
1530002755801	addons.manager	DEBUG	Registering shutdown blocker for XPIProvider
1530002755802	addons.manager	DEBUG	Provider finished startup: XPIProvider
1530002755802	addons.manager	DEBUG	Starting provider: LightweightThemeManager
1530002755802	addons.manager	DEBUG	Registering shutdown blocker for LightweightThemeManager
1530002755802	addons.manager	DEBUG	Provider finished startup: LightweightThemeManager
1530002755803	addons.manager	DEBUG	Starting provider: GMPProvider
1530002755819	addons.manager	DEBUG	Registering shutdown blocker for GMPProvider
1530002755819	addons.manager	DEBUG	Provider finished startup: GMPProvider
1530002755819	addons.manager	DEBUG	Starting provider: PluginProvider
1530002755820	addons.manager	DEBUG	Registering shutdown blocker for PluginProvider
1530002755820	addons.manager	DEBUG	Provider finished startup: PluginProvider
1530002755821	addons.manager	DEBUG	Completed startup sequence
1530002756464	addons.manager	DEBUG	Starting provider: <unnamed-provider>
1530002756464	addons.manager	DEBUG	Registering shutdown blocker for <unnamed-provider>
1530002756464	addons.manager	DEBUG	Provider finished startup: <unnamed-provider>
1530002756885	DeferredSave.extensions.json	DEBUG	Write succeeded
1530002756886	addons.xpi-utils	DEBUG	XPI Database saved, setting schema version preference to 17
1530002756886	DeferredSave.extensions.json	DEBUG	Starting timer
1530002756910	DeferredSave.extensions.json	DEBUG	Starting write
1530002756942	addons.repository	DEBUG	No addons.json found.
1530002756943	DeferredSave.addons.json	DEBUG	Save changes
1530002756947	DeferredSave.addons.json	DEBUG	Starting timer
1530002757075	addons.manager	DEBUG	Starting provider: PreviousExperimentProvider
1530002757076	addons.manager	DEBUG	Registering shutdown blocker for PreviousExperimentProvider
1530002757076	addons.manager	DEBUG	Provider finished startup: PreviousExperimentProvider
1530002757117	DeferredSave.addons.json	DEBUG	Starting write
1530002757160	DeferredSave.extensions.json	DEBUG	Write succeeded
1530002757186	DeferredSave.addons.json	DEBUG	Write succeeded

Build info: version: '2.53.0', revision: '35ae25b1534ae328c771e0856c93e187490ca824', time: '2016-03-15 10:43:46'
System info: host: 'NETANESH01', ip: '10.233.196.227', os.name: 'Windows 10', os.arch: 'amd64', os.version: '10.0', java.version: '1.8.0_144'
Driver info: driver.version: FirefoxDriver
	at org.openqa.selenium.firefox.internal.NewProfileExtensionConnection.start(NewProfileExtensionConnection.java:125)
	at org.openqa.selenium.firefox.FirefoxDriver.startClient(FirefoxDriver.java:271)
	at org.openqa.selenium.remote.RemoteWebDriver.<init>(RemoteWebDriver.java:119)
	at org.openqa.selenium.firefox.FirefoxDriver.<init>(FirefoxDriver.java:216)
	at org.openqa.selenium.firefox.FirefoxDriver.<init>(FirefoxDriver.java:211)
	at org.openqa.selenium.firefox.FirefoxDriver.<init>(FirefoxDriver.java:207)
	at org.openqa.selenium.firefox.FirefoxDriver.<init>(FirefoxDriver.java:120)
	at com.test1.tests.TestNGSeleniumSimpleSearchExample.initDriver(TestNGSeleniumSimpleSearchExample.java:27)
	at sun.reflect.NativeMethodAccessorImpl.invoke0(Native Method)
	at sun.reflect.NativeMethodAccessorImpl.invoke(Unknown Source)
	at sun.reflect.DelegatingMethodAccessorImpl.invoke(Unknown Source)
	at java.lang.reflect.Method.invoke(Unknown Source)
	at org.testng.internal.MethodInvocationHelper.invokeMethod(MethodInvocationHelper.java:86)
	at org.testng.internal.Invoker.invokeConfigurationMethod(Invoker.java:514)
	at org.testng.internal.Invoker.invokeConfigurations(Invoker.java:215)
	at org.testng.internal.Invoker.invokeConfigurations(Invoker.java:142)
	at org.testng.SuiteRunner.privateRun(SuiteRunner.java:305)
	at org.testng.SuiteRunner.run(SuiteRunner.java:268)
	at org.testng.SuiteRunnerWorker.runSuite(SuiteRunnerWorker.java:52)
	at org.testng.SuiteRunnerWorker.run(SuiteRunnerWorker.java:86)
	at org.testng.TestNG.runSuitesSequentially(TestNG.java:1244)
	at org.testng.TestNG.runSuitesLocally(TestNG.java:1169)
	at org.testng.TestNG.run(TestNG.java:1064)
	at org.testng.remote.AbstractRemoteTestNG.run(AbstractRemoteTestNG.java:114)
	at org.testng.remote.RemoteTestNG.initAndRun(RemoteTestNG.java:251)
	at org.testng.remote.RemoteTestNG.main(RemoteTestNG.java:77)
Caused by: org.openqa.selenium.firefox.NotConnectedException: Unable to connect to host 127.0.0.1 on port 7055 after 45000 ms. Firefox console output:
app-global","version":"8.4.2627","type":"webextension","internalName":null,"updateURL":null,"updateKey":null,"optionsURL":null,"optionsType":null,"aboutURL":null,"icons":{"48":"icon-48.png","128":"icon-128.png"},"iconURL":null,"icon64URL":null,"defaultLocale":{"name":"Forcepoint Endpoint","description":"Forcepoint Endpoint Firefox Extension.","developers":null,"translators":null,"contributors":null},"visible":true,"active":false,"userDisabled":true,"appDisabled":true,"descriptor":"C:\\Program Files\\Websense\\Websense Endpoint\\winFFext.xpi","installDate":1500066350000,"updateDate":1500066350000,"applyBackgroundUpdates":1,"bootstrap":true,"skinnable":false,"size":25422,"sourceURI":null,"releaseNotesURI":null,"softDisabled":false,"foreignInstall":true,"hasBinaryComponents":false,"strictCompatibility":true,"locales":[],"targetApplications":[{"id":"toolkit@mozilla.org","minVersion":"49.0","maxVersion":"*"}],"targetPlatforms":[],"multiprocessCompatible":true,"signedState":2,"seen":true}
1530002755745	DeferredSave.extensions.json	DEBUG	Save changes
1530002755745	addons.xpi	DEBUG	Updating database with changes to installed add-ons
1530002755745	addons.xpi-utils	DEBUG	Updating add-on states
1530002755747	addons.xpi-utils	DEBUG	Writing add-ons list
1530002755756	addons.xpi	DEBUG	Registering manifest for C:\Program Files (x86)\Mozilla Firefox\browser\features\e10srollout@mozilla.org.xpi
1530002755759	addons.xpi	DEBUG	Calling bootstrap method startup on e10srollout@mozilla.org version 1.0
1530002755759	addons.xpi	DEBUG	Registering manifest for C:\Program Files (x86)\Mozilla Firefox\browser\features\firefox@getpocket.com.xpi
1530002755760	addons.xpi	DEBUG	Calling bootstrap method startup on firefox@getpocket.com version 1.0.2
1530002755763	addons.xpi	DEBUG	Registering manifest for C:\Program Files (x86)\Mozilla Firefox\browser\features\loop@mozilla.org.xpi
1530002755765	addons.xpi	DEBUG	Calling bootstrap method startup on loop@mozilla.org version 1.3.2
1530002755801	addons.manager	DEBUG	Registering shutdown blocker for XPIProvider
1530002755802	addons.manager	DEBUG	Provider finished startup: XPIProvider
1530002755802	addons.manager	DEBUG	Starting provider: LightweightThemeManager
1530002755802	addons.manager	DEBUG	Registering shutdown blocker for LightweightThemeManager
1530002755802	addons.manager	DEBUG	Provider finished startup: LightweightThemeManager
1530002755803	addons.manager	DEBUG	Starting provider: GMPProvider
1530002755819	addons.manager	DEBUG	Registering shutdown blocker for GMPProvider
1530002755819	addons.manager	DEBUG	Provider finished startup: GMPProvider
1530002755819	addons.manager	DEBUG	Starting provider: PluginProvider
1530002755820	addons.manager	DEBUG	Registering shutdown blocker for PluginProvider
1530002755820	addons.manager	DEBUG	Provider finished startup: PluginProvider
1530002755821	addons.manager	DEBUG	Completed startup sequence
1530002756464	addons.manager	DEBUG	Starting provider: <unnamed-provider>
1530002756464	addons.manager	DEBUG	Registering shutdown blocker for <unnamed-provider>
1530002756464	addons.manager	DEBUG	Provider finished startup: <unnamed-provider>
1530002756885	DeferredSave.extensions.json	DEBUG	Write succeeded
1530002756886	addons.xpi-utils	DEBUG	XPI Database saved, setting schema version preference to 17
1530002756886	DeferredSave.extensions.json	DEBUG	Starting timer
1530002756910	DeferredSave.extensions.json	DEBUG	Starting write
1530002756942	addons.repository	DEBUG	No addons.json found.
1530002756943	DeferredSave.addons.json	DEBUG	Save changes
1530002756947	DeferredSave.addons.json	DEBUG	Starting timer
1530002757075	addons.manager	DEBUG	Starting provider: PreviousExperimentProvider
1530002757076	addons.manager	DEBUG	Registering shutdown blocker for PreviousExperimentProvider
1530002757076	addons.manager	DEBUG	Provider finished startup: PreviousExperimentProvider
1530002757117	DeferredSave.addons.json	DEBUG	Starting write
1530002757160	DeferredSave.extensions.json	DEBUG	Write succeeded
1530002757186	DeferredSave.addons.json	DEBUG	Write succeeded

	at org.openqa.selenium.firefox.internal.NewProfileExtensionConnection.start(NewProfileExtensionConnection.java:113)
	... 25 more
]]>
    </error>
  </testcase> <!-- searchTestNGInGoogle -->
</testsuite> <!-- com.test1.tests.TestNGSeleniumSimpleSearchExample -->
