<?xml version="1.0" encoding="UTF-8"?>
<!-- Generated by org.testng.reporters.JUnitReportReporter -->
<testsuite hostname="NETANESH01" name="com.test1.tests.LoadTest" tests="1" failures="0" timestamp="26 Jun 2018 14:50:10 GMT" time="3.731" errors="0">
  <testcase name="verifySearchButton" time="3.731" classname="com.test1.tests.LoadTest"/>
</testsuite> <!-- com.test1.tests.LoadTest -->
